<?xml version="1.0" encoding="UTF-8"?>
<testsuite xmlns:xsi="http://www.w3.org/2001/XMLSchema-instance" xsi:noNamespaceSchemaLocation="https://maven.apache.org/surefire/maven-surefire-plugin/xsd/surefire-test-report.xsd" name="com.saving.metadata.MetadataApplicationTests" time="9.39" tests="1" errors="0" skipped="0" failures="0">
  <properties>
    <property name="sun.desktop" value="windows"/>
    <property name="awt.toolkit" value="sun.awt.windows.WToolkit"/>
    <property name="file.encoding.pkg" value="sun.io"/>
    <property name="java.specification.version" value="1.8"/>
    <property name="sun.cpu.isalist" value="amd64"/>
    <property name="sun.jnu.encoding" value="GBK"/>
    <property name="java.class.path" value="E:\project\metadata\target\test-classes;E:\project\metadata\target\classes;D:\maven_rep\org\springframework\boot\spring-boot-starter\2.2.2.RELEASE\spring-boot-starter-2.2.2.RELEASE.jar;D:\maven_rep\org\springframework\boot\spring-boot\2.2.2.RELEASE\spring-boot-2.2.2.RELEASE.jar;D:\maven_rep\org\springframework\spring-context\5.2.2.RELEASE\spring-context-5.2.2.RELEASE.jar;D:\maven_rep\org\springframework\boot\spring-boot-autoconfigure\2.2.2.RELEASE\spring-boot-autoconfigure-2.2.2.RELEASE.jar;D:\maven_rep\org\springframework\boot\spring-boot-starter-logging\2.2.2.RELEASE\spring-boot-starter-logging-2.2.2.RELEASE.jar;D:\maven_rep\ch\qos\logback\logback-classic\1.2.3\logback-classic-1.2.3.jar;D:\maven_rep\ch\qos\logback\logback-core\1.2.3\logback-core-1.2.3.jar;D:\maven_rep\org\apache\logging\log4j\log4j-to-slf4j\2.12.1\log4j-to-slf4j-2.12.1.jar;D:\maven_rep\org\apache\logging\log4j\log4j-api\2.12.1\log4j-api-2.12.1.jar;D:\maven_rep\org\slf4j\jul-to-slf4j\1.7.29\jul-to-slf4j-1.7.29.jar;D:\maven_rep\jakarta\annotation\jakarta.annotation-api\1.3.5\jakarta.annotation-api-1.3.5.jar;D:\maven_rep\org\springframework\spring-core\5.2.2.RELEASE\spring-core-5.2.2.RELEASE.jar;D:\maven_rep\org\springframework\spring-jcl\5.2.2.RELEASE\spring-jcl-5.2.2.RELEASE.jar;D:\maven_rep\org\yaml\snakeyaml\1.25\snakeyaml-1.25.jar;D:\maven_rep\org\springframework\boot\spring-boot-starter-aop\2.2.2.RELEASE\spring-boot-starter-aop-2.2.2.RELEASE.jar;D:\maven_rep\org\springframework\spring-aop\5.2.2.RELEASE\spring-aop-5.2.2.RELEASE.jar;D:\maven_rep\org\springframework\spring-beans\5.2.2.RELEASE\spring-beans-5.2.2.RELEASE.jar;D:\maven_rep\org\aspectj\aspectjweaver\1.9.5\aspectjweaver-1.9.5.jar;D:\maven_rep\org\springframework\boot\spring-boot-starter-thymeleaf\2.2.2.RELEASE\spring-boot-starter-thymeleaf-2.2.2.RELEASE.jar;D:\maven_rep\org\thymeleaf\thymeleaf-spring5\3.0.11.RELEASE\thymeleaf-spring5-3.0.11.RELEASE.jar;D:\maven_rep\org\thymeleaf\thymeleaf\3.0.11.RELEASE\thymeleaf-3.0.11.RELEASE.jar;D:\maven_rep\org\attoparser\attoparser\2.0.5.RELEASE\attoparser-2.0.5.RELEASE.jar;D:\maven_rep\org\unbescape\unbescape\1.1.6.RELEASE\unbescape-1.1.6.RELEASE.jar;D:\maven_rep\org\thymeleaf\extras\thymeleaf-extras-java8time\3.0.4.RELEASE\thymeleaf-extras-java8time-3.0.4.RELEASE.jar;D:\maven_rep\org\springframework\boot\spring-boot-starter-web\2.2.2.RELEASE\spring-boot-starter-web-2.2.2.RELEASE.jar;D:\maven_rep\org\springframework\boot\spring-boot-starter-json\2.2.2.RELEASE\spring-boot-starter-json-2.2.2.RELEASE.jar;D:\maven_rep\com\fasterxml\jackson\core\jackson-databind\2.10.1\jackson-databind-2.10.1.jar;D:\maven_rep\com\fasterxml\jackson\core\jackson-core\2.10.1\jackson-core-2.10.1.jar;D:\maven_rep\com\fasterxml\jackson\datatype\jackson-datatype-jdk8\2.10.1\jackson-datatype-jdk8-2.10.1.jar;D:\maven_rep\com\fasterxml\jackson\datatype\jackson-datatype-jsr310\2.10.1\jackson-datatype-jsr310-2.10.1.jar;D:\maven_rep\com\fasterxml\jackson\module\jackson-module-parameter-names\2.10.1\jackson-module-parameter-names-2.10.1.jar;D:\maven_rep\org\springframework\spring-web\5.2.2.RELEASE\spring-web-5.2.2.RELEASE.jar;D:\maven_rep\org\springframework\spring-webmvc\5.2.2.RELEASE\spring-webmvc-5.2.2.RELEASE.jar;D:\maven_rep\org\springframework\spring-expression\5.2.2.RELEASE\spring-expression-5.2.2.RELEASE.jar;D:\maven_rep\org\springframework\boot\spring-boot-starter-validation\2.2.2.RELEASE\spring-boot-starter-validation-2.2.2.RELEASE.jar;D:\maven_rep\jakarta\validation\jakarta.validation-api\2.0.1\jakarta.validation-api-2.0.1.jar;D:\maven_rep\org\apache\tomcat\embed\tomcat-embed-el\9.0.29\tomcat-embed-el-9.0.29.jar;D:\maven_rep\org\hibernate\validator\hibernate-validator\6.0.18.Final\hibernate-validator-6.0.18.Final.jar;D:\maven_rep\org\jboss\logging\jboss-logging\3.4.1.Final\jboss-logging-3.4.1.Final.jar;D:\maven_rep\org\springframework\boot\spring-boot-devtools\2.2.2.RELEASE\spring-boot-devtools-2.2.2.RELEASE.jar;D:\maven_rep\com\microsoft\sqlserver\mssql-jdbc\7.4.1.jre8\mssql-jdbc-7.4.1.jre8.jar;D:\maven_rep\org\projectlombok\lombok\1.18.10\lombok-1.18.10.jar;D:\maven_rep\org\springframework\boot\spring-boot-starter-tomcat\2.2.2.RELEASE\spring-boot-starter-tomcat-2.2.2.RELEASE.jar;D:\maven_rep\org\apache\tomcat\embed\tomcat-embed-core\9.0.29\tomcat-embed-core-9.0.29.jar;D:\maven_rep\org\apache\tomcat\embed\tomcat-embed-websocket\9.0.29\tomcat-embed-websocket-9.0.29.jar;D:\maven_rep\org\springframework\boot\spring-boot-starter-test\2.2.2.RELEASE\spring-boot-starter-test-2.2.2.RELEASE.jar;D:\maven_rep\org\springframework\boot\spring-boot-test\2.2.2.RELEASE\spring-boot-test-2.2.2.RELEASE.jar;D:\maven_rep\org\springframework\boot\spring-boot-test-autoconfigure\2.2.2.RELEASE\spring-boot-test-autoconfigure-2.2.2.RELEASE.jar;D:\maven_rep\com\jayway\jsonpath\json-path\2.4.0\json-path-2.4.0.jar;D:\maven_rep\net\minidev\json-smart\2.3\json-smart-2.3.jar;D:\maven_rep\net\minidev\accessors-smart\1.2\accessors-smart-1.2.jar;D:\maven_rep\jakarta\xml\bind\jakarta.xml.bind-api\2.3.2\jakarta.xml.bind-api-2.3.2.jar;D:\maven_rep\jakarta\activation\jakarta.activation-api\1.2.1\jakarta.activation-api-1.2.1.jar;D:\maven_rep\org\junit\jupiter\junit-jupiter\5.5.2\junit-jupiter-5.5.2.jar;D:\maven_rep\org\junit\jupiter\junit-jupiter-api\5.5.2\junit-jupiter-api-5.5.2.jar;D:\maven_rep\org\apiguardian\apiguardian-api\1.1.0\apiguardian-api-1.1.0.jar;D:\maven_rep\org\opentest4j\opentest4j\1.2.0\opentest4j-1.2.0.jar;D:\maven_rep\org\junit\platform\junit-platform-commons\1.5.2\junit-platform-commons-1.5.2.jar;D:\maven_rep\org\junit\jupiter\junit-jupiter-params\5.5.2\junit-jupiter-params-5.5.2.jar;D:\maven_rep\org\junit\jupiter\junit-jupiter-engine\5.5.2\junit-jupiter-engine-5.5.2.jar;D:\maven_rep\org\junit\platform\junit-platform-engine\1.5.2\junit-platform-engine-1.5.2.jar;D:\maven_rep\org\mockito\mockito-junit-jupiter\3.1.0\mockito-junit-jupiter-3.1.0.jar;D:\maven_rep\org\assertj\assertj-core\3.13.2\assertj-core-3.13.2.jar;D:\maven_rep\org\hamcrest\hamcrest\2.1\hamcrest-2.1.jar;D:\maven_rep\org\mockito\mockito-core\3.1.0\mockito-core-3.1.0.jar;D:\maven_rep\net\bytebuddy\byte-buddy\1.10.4\byte-buddy-1.10.4.jar;D:\maven_rep\net\bytebuddy\byte-buddy-agent\1.10.4\byte-buddy-agent-1.10.4.jar;D:\maven_rep\org\objenesis\objenesis\2.6\objenesis-2.6.jar;D:\maven_rep\org\skyscreamer\jsonassert\1.5.0\jsonassert-1.5.0.jar;D:\maven_rep\com\vaadin\external\google\android-json\0.0.20131108.vaadin1\android-json-0.0.20131108.vaadin1.jar;D:\maven_rep\org\springframework\spring-test\5.2.2.RELEASE\spring-test-5.2.2.RELEASE.jar;D:\maven_rep\org\xmlunit\xmlunit-core\2.6.3\xmlunit-core-2.6.3.jar;D:\maven_rep\com\alibaba\druid-spring-boot-starter\1.1.21\druid-spring-boot-starter-1.1.21.jar;D:\maven_rep\com\alibaba\druid\1.1.21\druid-1.1.21.jar;D:\maven_rep\org\slf4j\slf4j-api\1.7.29\slf4j-api-1.7.29.jar;D:\maven_rep\org\apache\commons\commons-compress\1.19\commons-compress-1.19.jar;D:\maven_rep\com\alibaba\easyexcel\2.2.6\easyexcel-2.2.6.jar;D:\maven_rep\org\apache\poi\poi\3.17\poi-3.17.jar;D:\maven_rep\commons-codec\commons-codec\1.13\commons-codec-1.13.jar;D:\maven_rep\org\apache\commons\commons-collections4\4.1\commons-collections4-4.1.jar;D:\maven_rep\org\apache\poi\poi-ooxml\3.17\poi-ooxml-3.17.jar;D:\maven_rep\com\github\virtuald\curvesapi\1.04\curvesapi-1.04.jar;D:\maven_rep\org\apache\poi\poi-ooxml-schemas\3.17\poi-ooxml-schemas-3.17.jar;D:\maven_rep\org\apache\xmlbeans\xmlbeans\2.6.0\xmlbeans-2.6.0.jar;D:\maven_rep\stax\stax-api\1.0.1\stax-api-1.0.1.jar;D:\maven_rep\cglib\cglib\3.1\cglib-3.1.jar;D:\maven_rep\org\ehcache\ehcache\3.8.1\ehcache-3.8.1.jar;D:\maven_rep\org\glassfish\jaxb\jaxb-runtime\2.3.2\jaxb-runtime-2.3.2.jar;D:\maven_rep\org\glassfish\jaxb\txw2\2.3.2\txw2-2.3.2.jar;D:\maven_rep\com\sun\istack\istack-commons-runtime\3.0.8\istack-commons-runtime-3.0.8.jar;D:\maven_rep\org\jvnet\staxex\stax-ex\1.8.1\stax-ex-1.8.1.jar;D:\maven_rep\com\sun\xml\fastinfoset\FastInfoset\1.2.16\FastInfoset-1.2.16.jar;D:\maven_rep\io\springfox\springfox-swagger2\2.9.2\springfox-swagger2-2.9.2.jar;D:\maven_rep\io\swagger\swagger-annotations\1.5.20\swagger-annotations-1.5.20.jar;D:\maven_rep\io\swagger\swagger-models\1.5.20\swagger-models-1.5.20.jar;D:\maven_rep\com\fasterxml\jackson\core\jackson-annotations\2.10.1\jackson-annotations-2.10.1.jar;D:\maven_rep\io\springfox\springfox-spi\2.9.2\springfox-spi-2.9.2.jar;D:\maven_rep\io\springfox\springfox-core\2.9.2\springfox-core-2.9.2.jar;D:\maven_rep\io\springfox\springfox-schema\2.9.2\springfox-schema-2.9.2.jar;D:\maven_rep\io\springfox\springfox-swagger-common\2.9.2\springfox-swagger-common-2.9.2.jar;D:\maven_rep\io\springfox\springfox-spring-web\2.9.2\springfox-spring-web-2.9.2.jar;D:\maven_rep\com\google\guava\guava\20.0\guava-20.0.jar;D:\maven_rep\com\fasterxml\classmate\1.5.1\classmate-1.5.1.jar;D:\maven_rep\org\springframework\plugin\spring-plugin-core\1.2.0.RELEASE\spring-plugin-core-1.2.0.RELEASE.jar;D:\maven_rep\org\springframework\plugin\spring-plugin-metadata\1.2.0.RELEASE\spring-plugin-metadata-1.2.0.RELEASE.jar;D:\maven_rep\org\mapstruct\mapstruct\1.2.0.Final\mapstruct-1.2.0.Final.jar;D:\maven_rep\io\springfox\springfox-swagger-ui\2.9.2\springfox-swagger-ui-2.9.2.jar;D:\maven_rep\commons-collections\commons-collections\3.2.2\commons-collections-3.2.2.jar;D:\maven_rep\net\sf\json-lib\json-lib\2.4\json-lib-2.4-jdk15.jar;D:\maven_rep\commons-beanutils\commons-beanutils\1.8.0\commons-beanutils-1.8.0.jar;D:\maven_rep\commons-lang\commons-lang\2.5\commons-lang-2.5.jar;D:\maven_rep\commons-logging\commons-logging\1.1.1\commons-logging-1.1.1.jar;D:\maven_rep\net\sf\ezmorph\ezmorph\1.0.6\ezmorph-1.0.6.jar;D:\maven_rep\org\apache\commons\commons-lang3\3.9\commons-lang3-3.9.jar;D:\maven_rep\com\baomidou\mybatis-plus-boot-starter\3.4.2\mybatis-plus-boot-starter-3.4.2.jar;D:\maven_rep\com\baomidou\mybatis-plus\3.4.2\mybatis-plus-3.4.2.jar;D:\maven_rep\org\springframework\boot\spring-boot-starter-jdbc\2.2.2.RELEASE\spring-boot-starter-jdbc-2.2.2.RELEASE.jar;D:\maven_rep\com\zaxxer\HikariCP\3.4.1\HikariCP-3.4.1.jar;D:\maven_rep\org\springframework\spring-jdbc\5.2.2.RELEASE\spring-jdbc-5.2.2.RELEASE.jar;D:\maven_rep\org\springframework\spring-tx\5.2.2.RELEASE\spring-tx-5.2.2.RELEASE.jar;D:\maven_rep\com\baomidou\mybatis-plus-generator\3.3.2\mybatis-plus-generator-3.3.2.jar;D:\maven_rep\com\baomidou\mybatis-plus-extension\3.3.2\mybatis-plus-extension-3.3.2.jar;D:\maven_rep\com\baomidou\mybatis-plus-core\3.3.2\mybatis-plus-core-3.3.2.jar;D:\maven_rep\com\baomidou\mybatis-plus-annotation\3.3.2\mybatis-plus-annotation-3.3.2.jar;D:\maven_rep\com\github\jsqlparser\jsqlparser\3.1\jsqlparser-3.1.jar;D:\maven_rep\org\mybatis\mybatis\3.5.4\mybatis-3.5.4.jar;D:\maven_rep\org\mybatis\mybatis-spring\2.0.4\mybatis-spring-2.0.4.jar;D:\maven_rep\org\apache\velocity\velocity-engine-core\2.1\velocity-engine-core-2.1.jar;D:\maven_rep\org\freemarker\freemarker\2.3.29\freemarker-2.3.29.jar;D:\maven_rep\com\ibeetl\beetl\3.0.15.RELEASE\beetl-3.0.15.RELEASE.jar;D:\maven_rep\org\antlr\antlr4-runtime\4.7.2\antlr4-runtime-4.7.2.jar;D:\maven_rep\org\ow2\asm\asm\5.2\asm-5.2.jar;D:\maven_rep\org\ow2\asm\asm-commons\5.2\asm-commons-5.2.jar;D:\maven_rep\org\ow2\asm\asm-tree\5.2\asm-tree-5.2.jar;D:\maven_rep\org\springframework\boot\spring-boot-starter-cache\2.2.2.RELEASE\spring-boot-starter-cache-2.2.2.RELEASE.jar;D:\maven_rep\org\springframework\spring-context-support\5.2.2.RELEASE\spring-context-support-5.2.2.RELEASE.jar;D:\maven_rep\com\github\ben-manes\caffeine\caffeine\2.8.0\caffeine-2.8.0.jar;D:\maven_rep\org\checkerframework\checker-qual\2.10.0\checker-qual-2.10.0.jar;D:\maven_rep\com\google\errorprone\error_prone_annotations\2.3.3\error_prone_annotations-2.3.3.jar;"/>
    <property name="java.vm.vendor" value="Oracle Corporation"/>
    <property name="sun.arch.data.model" value="64"/>
    <property name="user.variant" value=""/>
    <property name="java.vendor.url" value="http://java.oracle.com/"/>
    <property name="user.timezone" value="Asia/Shanghai"/>
    <property name="java.vm.specification.version" value="1.8"/>
    <property name="os.name" value="Windows 10"/>
    <property name="user.country" value="CN"/>
    <property name="sun.java.launcher" value="SUN_STANDARD"/>
    <property name="sun.boot.library.path" value="C:\Program Files\Java\jdk1.8.0_144\jre\bin"/>
    <property name="sun.java.command" value="C:\Users\ADMINI~1\AppData\Local\Temp\surefire6912966496430257551\surefirebooter1252468018121319734.jar C:\Users\Administrator\AppData\Local\Temp\surefire6912966496430257551 2022-07-28T10-42-34_457-jvmRun1 surefire3791730386655756466tmp surefire_06597663507753673750tmp"/>
    <property name="surefire.test.class.path" value="E:\project\metadata\target\test-classes;E:\project\metadata\target\classes;D:\maven_rep\org\springframework\boot\spring-boot-starter\2.2.2.RELEASE\spring-boot-starter-2.2.2.RELEASE.jar;D:\maven_rep\org\springframework\boot\spring-boot\2.2.2.RELEASE\spring-boot-2.2.2.RELEASE.jar;D:\maven_rep\org\springframework\spring-context\5.2.2.RELEASE\spring-context-5.2.2.RELEASE.jar;D:\maven_rep\org\springframework\boot\spring-boot-autoconfigure\2.2.2.RELEASE\spring-boot-autoconfigure-2.2.2.RELEASE.jar;D:\maven_rep\org\springframework\boot\spring-boot-starter-logging\2.2.2.RELEASE\spring-boot-starter-logging-2.2.2.RELEASE.jar;D:\maven_rep\ch\qos\logback\logback-classic\1.2.3\logback-classic-1.2.3.jar;D:\maven_rep\ch\qos\logback\logback-core\1.2.3\logback-core-1.2.3.jar;D:\maven_rep\org\apache\logging\log4j\log4j-to-slf4j\2.12.1\log4j-to-slf4j-2.12.1.jar;D:\maven_rep\org\apache\logging\log4j\log4j-api\2.12.1\log4j-api-2.12.1.jar;D:\maven_rep\org\slf4j\jul-to-slf4j\1.7.29\jul-to-slf4j-1.7.29.jar;D:\maven_rep\jakarta\annotation\jakarta.annotation-api\1.3.5\jakarta.annotation-api-1.3.5.jar;D:\maven_rep\org\springframework\spring-core\5.2.2.RELEASE\spring-core-5.2.2.RELEASE.jar;D:\maven_rep\org\springframework\spring-jcl\5.2.2.RELEASE\spring-jcl-5.2.2.RELEASE.jar;D:\maven_rep\org\yaml\snakeyaml\1.25\snakeyaml-1.25.jar;D:\maven_rep\org\springframework\boot\spring-boot-starter-aop\2.2.2.RELEASE\spring-boot-starter-aop-2.2.2.RELEASE.jar;D:\maven_rep\org\springframework\spring-aop\5.2.2.RELEASE\spring-aop-5.2.2.RELEASE.jar;D:\maven_rep\org\springframework\spring-beans\5.2.2.RELEASE\spring-beans-5.2.2.RELEASE.jar;D:\maven_rep\org\aspectj\aspectjweaver\1.9.5\aspectjweaver-1.9.5.jar;D:\maven_rep\org\springframework\boot\spring-boot-starter-thymeleaf\2.2.2.RELEASE\spring-boot-starter-thymeleaf-2.2.2.RELEASE.jar;D:\maven_rep\org\thymeleaf\thymeleaf-spring5\3.0.11.RELEASE\thymeleaf-spring5-3.0.11.RELEASE.jar;D:\maven_rep\org\thymeleaf\thymeleaf\3.0.11.RELEASE\thymeleaf-3.0.11.RELEASE.jar;D:\maven_rep\org\attoparser\attoparser\2.0.5.RELEASE\attoparser-2.0.5.RELEASE.jar;D:\maven_rep\org\unbescape\unbescape\1.1.6.RELEASE\unbescape-1.1.6.RELEASE.jar;D:\maven_rep\org\thymeleaf\extras\thymeleaf-extras-java8time\3.0.4.RELEASE\thymeleaf-extras-java8time-3.0.4.RELEASE.jar;D:\maven_rep\org\springframework\boot\spring-boot-starter-web\2.2.2.RELEASE\spring-boot-starter-web-2.2.2.RELEASE.jar;D:\maven_rep\org\springframework\boot\spring-boot-starter-json\2.2.2.RELEASE\spring-boot-starter-json-2.2.2.RELEASE.jar;D:\maven_rep\com\fasterxml\jackson\core\jackson-databind\2.10.1\jackson-databind-2.10.1.jar;D:\maven_rep\com\fasterxml\jackson\core\jackson-core\2.10.1\jackson-core-2.10.1.jar;D:\maven_rep\com\fasterxml\jackson\datatype\jackson-datatype-jdk8\2.10.1\jackson-datatype-jdk8-2.10.1.jar;D:\maven_rep\com\fasterxml\jackson\datatype\jackson-datatype-jsr310\2.10.1\jackson-datatype-jsr310-2.10.1.jar;D:\maven_rep\com\fasterxml\jackson\module\jackson-module-parameter-names\2.10.1\jackson-module-parameter-names-2.10.1.jar;D:\maven_rep\org\springframework\spring-web\5.2.2.RELEASE\spring-web-5.2.2.RELEASE.jar;D:\maven_rep\org\springframework\spring-webmvc\5.2.2.RELEASE\spring-webmvc-5.2.2.RELEASE.jar;D:\maven_rep\org\springframework\spring-expression\5.2.2.RELEASE\spring-expression-5.2.2.RELEASE.jar;D:\maven_rep\org\springframework\boot\spring-boot-starter-validation\2.2.2.RELEASE\spring-boot-starter-validation-2.2.2.RELEASE.jar;D:\maven_rep\jakarta\validation\jakarta.validation-api\2.0.1\jakarta.validation-api-2.0.1.jar;D:\maven_rep\org\apache\tomcat\embed\tomcat-embed-el\9.0.29\tomcat-embed-el-9.0.29.jar;D:\maven_rep\org\hibernate\validator\hibernate-validator\6.0.18.Final\hibernate-validator-6.0.18.Final.jar;D:\maven_rep\org\jboss\logging\jboss-logging\3.4.1.Final\jboss-logging-3.4.1.Final.jar;D:\maven_rep\org\springframework\boot\spring-boot-devtools\2.2.2.RELEASE\spring-boot-devtools-2.2.2.RELEASE.jar;D:\maven_rep\com\microsoft\sqlserver\mssql-jdbc\7.4.1.jre8\mssql-jdbc-7.4.1.jre8.jar;D:\maven_rep\org\projectlombok\lombok\1.18.10\lombok-1.18.10.jar;D:\maven_rep\org\springframework\boot\spring-boot-starter-tomcat\2.2.2.RELEASE\spring-boot-starter-tomcat-2.2.2.RELEASE.jar;D:\maven_rep\org\apache\tomcat\embed\tomcat-embed-core\9.0.29\tomcat-embed-core-9.0.29.jar;D:\maven_rep\org\apache\tomcat\embed\tomcat-embed-websocket\9.0.29\tomcat-embed-websocket-9.0.29.jar;D:\maven_rep\org\springframework\boot\spring-boot-starter-test\2.2.2.RELEASE\spring-boot-starter-test-2.2.2.RELEASE.jar;D:\maven_rep\org\springframework\boot\spring-boot-test\2.2.2.RELEASE\spring-boot-test-2.2.2.RELEASE.jar;D:\maven_rep\org\springframework\boot\spring-boot-test-autoconfigure\2.2.2.RELEASE\spring-boot-test-autoconfigure-2.2.2.RELEASE.jar;D:\maven_rep\com\jayway\jsonpath\json-path\2.4.0\json-path-2.4.0.jar;D:\maven_rep\net\minidev\json-smart\2.3\json-smart-2.3.jar;D:\maven_rep\net\minidev\accessors-smart\1.2\accessors-smart-1.2.jar;D:\maven_rep\jakarta\xml\bind\jakarta.xml.bind-api\2.3.2\jakarta.xml.bind-api-2.3.2.jar;D:\maven_rep\jakarta\activation\jakarta.activation-api\1.2.1\jakarta.activation-api-1.2.1.jar;D:\maven_rep\org\junit\jupiter\junit-jupiter\5.5.2\junit-jupiter-5.5.2.jar;D:\maven_rep\org\junit\jupiter\junit-jupiter-api\5.5.2\junit-jupiter-api-5.5.2.jar;D:\maven_rep\org\apiguardian\apiguardian-api\1.1.0\apiguardian-api-1.1.0.jar;D:\maven_rep\org\opentest4j\opentest4j\1.2.0\opentest4j-1.2.0.jar;D:\maven_rep\org\junit\platform\junit-platform-commons\1.5.2\junit-platform-commons-1.5.2.jar;D:\maven_rep\org\junit\jupiter\junit-jupiter-params\5.5.2\junit-jupiter-params-5.5.2.jar;D:\maven_rep\org\junit\jupiter\junit-jupiter-engine\5.5.2\junit-jupiter-engine-5.5.2.jar;D:\maven_rep\org\junit\platform\junit-platform-engine\1.5.2\junit-platform-engine-1.5.2.jar;D:\maven_rep\org\mockito\mockito-junit-jupiter\3.1.0\mockito-junit-jupiter-3.1.0.jar;D:\maven_rep\org\assertj\assertj-core\3.13.2\assertj-core-3.13.2.jar;D:\maven_rep\org\hamcrest\hamcrest\2.1\hamcrest-2.1.jar;D:\maven_rep\org\mockito\mockito-core\3.1.0\mockito-core-3.1.0.jar;D:\maven_rep\net\bytebuddy\byte-buddy\1.10.4\byte-buddy-1.10.4.jar;D:\maven_rep\net\bytebuddy\byte-buddy-agent\1.10.4\byte-buddy-agent-1.10.4.jar;D:\maven_rep\org\objenesis\objenesis\2.6\objenesis-2.6.jar;D:\maven_rep\org\skyscreamer\jsonassert\1.5.0\jsonassert-1.5.0.jar;D:\maven_rep\com\vaadin\external\google\android-json\0.0.20131108.vaadin1\android-json-0.0.20131108.vaadin1.jar;D:\maven_rep\org\springframework\spring-test\5.2.2.RELEASE\spring-test-5.2.2.RELEASE.jar;D:\maven_rep\org\xmlunit\xmlunit-core\2.6.3\xmlunit-core-2.6.3.jar;D:\maven_rep\com\alibaba\druid-spring-boot-starter\1.1.21\druid-spring-boot-starter-1.1.21.jar;D:\maven_rep\com\alibaba\druid\1.1.21\druid-1.1.21.jar;D:\maven_rep\org\slf4j\slf4j-api\1.7.29\slf4j-api-1.7.29.jar;D:\maven_rep\org\apache\commons\commons-compress\1.19\commons-compress-1.19.jar;D:\maven_rep\com\alibaba\easyexcel\2.2.6\easyexcel-2.2.6.jar;D:\maven_rep\org\apache\poi\poi\3.17\poi-3.17.jar;D:\maven_rep\commons-codec\commons-codec\1.13\commons-codec-1.13.jar;D:\maven_rep\org\apache\commons\commons-collections4\4.1\commons-collections4-4.1.jar;D:\maven_rep\org\apache\poi\poi-ooxml\3.17\poi-ooxml-3.17.jar;D:\maven_rep\com\github\virtuald\curvesapi\1.04\curvesapi-1.04.jar;D:\maven_rep\org\apache\poi\poi-ooxml-schemas\3.17\poi-ooxml-schemas-3.17.jar;D:\maven_rep\org\apache\xmlbeans\xmlbeans\2.6.0\xmlbeans-2.6.0.jar;D:\maven_rep\stax\stax-api\1.0.1\stax-api-1.0.1.jar;D:\maven_rep\cglib\cglib\3.1\cglib-3.1.jar;D:\maven_rep\org\ehcache\ehcache\3.8.1\ehcache-3.8.1.jar;D:\maven_rep\org\glassfish\jaxb\jaxb-runtime\2.3.2\jaxb-runtime-2.3.2.jar;D:\maven_rep\org\glassfish\jaxb\txw2\2.3.2\txw2-2.3.2.jar;D:\maven_rep\com\sun\istack\istack-commons-runtime\3.0.8\istack-commons-runtime-3.0.8.jar;D:\maven_rep\org\jvnet\staxex\stax-ex\1.8.1\stax-ex-1.8.1.jar;D:\maven_rep\com\sun\xml\fastinfoset\FastInfoset\1.2.16\FastInfoset-1.2.16.jar;D:\maven_rep\io\springfox\springfox-swagger2\2.9.2\springfox-swagger2-2.9.2.jar;D:\maven_rep\io\swagger\swagger-annotations\1.5.20\swagger-annotations-1.5.20.jar;D:\maven_rep\io\swagger\swagger-models\1.5.20\swagger-models-1.5.20.jar;D:\maven_rep\com\fasterxml\jackson\core\jackson-annotations\2.10.1\jackson-annotations-2.10.1.jar;D:\maven_rep\io\springfox\springfox-spi\2.9.2\springfox-spi-2.9.2.jar;D:\maven_rep\io\springfox\springfox-core\2.9.2\springfox-core-2.9.2.jar;D:\maven_rep\io\springfox\springfox-schema\2.9.2\springfox-schema-2.9.2.jar;D:\maven_rep\io\springfox\springfox-swagger-common\2.9.2\springfox-swagger-common-2.9.2.jar;D:\maven_rep\io\springfox\springfox-spring-web\2.9.2\springfox-spring-web-2.9.2.jar;D:\maven_rep\com\google\guava\guava\20.0\guava-20.0.jar;D:\maven_rep\com\fasterxml\classmate\1.5.1\classmate-1.5.1.jar;D:\maven_rep\org\springframework\plugin\spring-plugin-core\1.2.0.RELEASE\spring-plugin-core-1.2.0.RELEASE.jar;D:\maven_rep\org\springframework\plugin\spring-plugin-metadata\1.2.0.RELEASE\spring-plugin-metadata-1.2.0.RELEASE.jar;D:\maven_rep\org\mapstruct\mapstruct\1.2.0.Final\mapstruct-1.2.0.Final.jar;D:\maven_rep\io\springfox\springfox-swagger-ui\2.9.2\springfox-swagger-ui-2.9.2.jar;D:\maven_rep\commons-collections\commons-collections\3.2.2\commons-collections-3.2.2.jar;D:\maven_rep\net\sf\json-lib\json-lib\2.4\json-lib-2.4-jdk15.jar;D:\maven_rep\commons-beanutils\commons-beanutils\1.8.0\commons-beanutils-1.8.0.jar;D:\maven_rep\commons-lang\commons-lang\2.5\commons-lang-2.5.jar;D:\maven_rep\commons-logging\commons-logging\1.1.1\commons-logging-1.1.1.jar;D:\maven_rep\net\sf\ezmorph\ezmorph\1.0.6\ezmorph-1.0.6.jar;D:\maven_rep\org\apache\commons\commons-lang3\3.9\commons-lang3-3.9.jar;D:\maven_rep\com\baomidou\mybatis-plus-boot-starter\3.4.2\mybatis-plus-boot-starter-3.4.2.jar;D:\maven_rep\com\baomidou\mybatis-plus\3.4.2\mybatis-plus-3.4.2.jar;D:\maven_rep\org\springframework\boot\spring-boot-starter-jdbc\2.2.2.RELEASE\spring-boot-starter-jdbc-2.2.2.RELEASE.jar;D:\maven_rep\com\zaxxer\HikariCP\3.4.1\HikariCP-3.4.1.jar;D:\maven_rep\org\springframework\spring-jdbc\5.2.2.RELEASE\spring-jdbc-5.2.2.RELEASE.jar;D:\maven_rep\org\springframework\spring-tx\5.2.2.RELEASE\spring-tx-5.2.2.RELEASE.jar;D:\maven_rep\com\baomidou\mybatis-plus-generator\3.3.2\mybatis-plus-generator-3.3.2.jar;D:\maven_rep\com\baomidou\mybatis-plus-extension\3.3.2\mybatis-plus-extension-3.3.2.jar;D:\maven_rep\com\baomidou\mybatis-plus-core\3.3.2\mybatis-plus-core-3.3.2.jar;D:\maven_rep\com\baomidou\mybatis-plus-annotation\3.3.2\mybatis-plus-annotation-3.3.2.jar;D:\maven_rep\com\github\jsqlparser\jsqlparser\3.1\jsqlparser-3.1.jar;D:\maven_rep\org\mybatis\mybatis\3.5.4\mybatis-3.5.4.jar;D:\maven_rep\org\mybatis\mybatis-spring\2.0.4\mybatis-spring-2.0.4.jar;D:\maven_rep\org\apache\velocity\velocity-engine-core\2.1\velocity-engine-core-2.1.jar;D:\maven_rep\org\freemarker\freemarker\2.3.29\freemarker-2.3.29.jar;D:\maven_rep\com\ibeetl\beetl\3.0.15.RELEASE\beetl-3.0.15.RELEASE.jar;D:\maven_rep\org\antlr\antlr4-runtime\4.7.2\antlr4-runtime-4.7.2.jar;D:\maven_rep\org\ow2\asm\asm\5.2\asm-5.2.jar;D:\maven_rep\org\ow2\asm\asm-commons\5.2\asm-commons-5.2.jar;D:\maven_rep\org\ow2\asm\asm-tree\5.2\asm-tree-5.2.jar;D:\maven_rep\org\springframework\boot\spring-boot-starter-cache\2.2.2.RELEASE\spring-boot-starter-cache-2.2.2.RELEASE.jar;D:\maven_rep\org\springframework\spring-context-support\5.2.2.RELEASE\spring-context-support-5.2.2.RELEASE.jar;D:\maven_rep\com\github\ben-manes\caffeine\caffeine\2.8.0\caffeine-2.8.0.jar;D:\maven_rep\org\checkerframework\checker-qual\2.10.0\checker-qual-2.10.0.jar;D:\maven_rep\com\google\errorprone\error_prone_annotations\2.3.3\error_prone_annotations-2.3.3.jar;"/>
    <property name="sun.cpu.endian" value="little"/>
    <property name="user.home" value="C:\Users\Administrator"/>
    <property name="user.language" value="zh"/>
    <property name="java.specification.vendor" value="Oracle Corporation"/>
    <property name="java.home" value="C:\Program Files\Java\jdk1.8.0_144\jre"/>
    <property name="basedir" value="E:\project\metadata"/>
    <property name="file.separator" value="\"/>
    <property name="line.separator" value="&#10;"/>
    <property name="java.vm.specification.vendor" value="Oracle Corporation"/>
    <property name="java.specification.name" value="Java Platform API Specification"/>
    <property name="java.awt.graphicsenv" value="sun.awt.Win32GraphicsEnvironment"/>
    <property name="surefire.real.class.path" value="C:\Users\ADMINI~1\AppData\Local\Temp\surefire6912966496430257551\surefirebooter1252468018121319734.jar"/>
    <property name="sun.boot.class.path" value="C:\Program Files\Java\jdk1.8.0_144\jre\lib\resources.jar;C:\Program Files\Java\jdk1.8.0_144\jre\lib\rt.jar;C:\Program Files\Java\jdk1.8.0_144\jre\lib\sunrsasign.jar;C:\Program Files\Java\jdk1.8.0_144\jre\lib\jsse.jar;C:\Program Files\Java\jdk1.8.0_144\jre\lib\jce.jar;C:\Program Files\Java\jdk1.8.0_144\jre\lib\charsets.jar;C:\Program Files\Java\jdk1.8.0_144\jre\lib\jfr.jar;C:\Program Files\Java\jdk1.8.0_144\jre\classes"/>
    <property name="user.script" value=""/>
    <property name="sun.management.compiler" value="HotSpot 64-Bit Tiered Compilers"/>
    <property name="java.runtime.version" value="1.8.0_144-b01"/>
    <property name="user.name" value="Administrator"/>
    <property name="path.separator" value=";"/>
    <property name="os.version" value="10.0"/>
    <property name="java.endorsed.dirs" value="C:\Program Files\Java\jdk1.8.0_144\jre\lib\endorsed"/>
    <property name="java.runtime.name" value="Java(TM) SE Runtime Environment"/>
    <property name="file.encoding" value="GBK"/>
    <property name="java.vm.name" value="Java HotSpot(TM) 64-Bit Server VM"/>
    <property name="localRepository" value="D:\maven_rep"/>
    <property name="java.vendor.url.bug" value="http://bugreport.sun.com/bugreport/"/>
    <property name="java.io.tmpdir" value="C:\Users\ADMINI~1\AppData\Local\Temp\"/>
    <property name="idea.version" value="2022.1.3"/>
    <property name="java.version" value="1.8.0_144"/>
    <property name="user.dir" value="E:\project\metadata"/>
    <property name="os.arch" value="amd64"/>
    <property name="java.vm.specification.name" value="Java Virtual Machine Specification"/>
    <property name="java.awt.printerjob" value="sun.awt.windows.WPrinterJob"/>
    <property name="sun.os.patch.level" value=""/>
    <property name="java.library.path" value="C:\Program Files\Java\jdk1.8.0_144\jre\bin;C:\WINDOWS\Sun\Java\bin;C:\WINDOWS\system32;C:\WINDOWS;C:\Python39\Scripts\;C:\Python39\;C:\Program Files (x86)\Common Files\Oracle\Java\javapath;D:\app\Administrator\product\11.2.0\dbhome_1\bin;C:\Program Files\Java\jdk1.8.0_144\bin;C:\Program Files\Java\jdk1.8.0_144\jre\bin;C:\WINDOWS\system32;C:\WINDOWS;C:\WINDOWS\System32\Wbem;C:\WINDOWS\System32\WindowsPowerShell\v1.0\;C:\Program Files (x86)\Microsoft SQL Server\100\Tools\Binn\;C:\Program Files\Microsoft SQL Server\100\Tools\Binn\;C:\Program Files\Microsoft SQL Server\100\DTS\Binn\;C:\Program Files (x86)\Microsoft SQL Server\100\Tools\Binn\VSShell\Common7\IDE\;C:\Program Files (x86)\Microsoft Visual Studio 9.0\Common7\IDE\PrivateAssemblies\;C:\Program Files (x86)\Microsoft SQL Server\100\DTS\Binn\;E:\apache-maven-3.6.1\bin;E:\projectplugin\apache-ant-1.10.1\bin;C:\Program Files (x86)\Microsoft SQL Server\150\DTS\Binn\;C:\WINDOWS\System32\OpenSSH\;C:\ProgramData\chocolatey\bin;C:\Program Files\TortoiseSVN\bin;D:\Node.js\;C:\Program Files\Git\cmd;C:\Users\Administrator\AppData\Roaming\npm\node_modules\yarn\bin;%mysql%\bin;C:\Users\Administrator\AppData\Local\Programs\Python\Python37\Scripts\;C:\Users\Administrator\AppData\Local\Programs\Python\Python37\;C:\Users\Administrator\AppData\Local\Programs\Python\Python38\Scripts\;C:\Users\Administrator\AppData\Local\Programs\Python\Python38\;D:\IntelliJ IDEA 2020.2.3\bin;C:\Users\Administrator\AppData\Local\Microsoft\WindowsApps;C:\Program Files\JetBrains\WebStorm 2020.1\bin;C:\Users\Administrator\AppData\Roaming\npm;D:\vscode\Microsoft VS Code\bin;C:\Users\Administrator\AppData\Local\JetBrains\Toolbox\scripts;."/>
    <property name="java.vm.info" value="mixed mode"/>
    <property name="java.vendor" value="Oracle Corporation"/>
    <property name="java.vm.version" value="25.144-b01"/>
    <property name="java.ext.dirs" value="C:\Program Files\Java\jdk1.8.0_144\jre\lib\ext;C:\WINDOWS\Sun\Java\lib\ext"/>
    <property name="sun.io.unicode.encoding" value="UnicodeLittle"/>
    <property name="java.class.version" value="52.0"/>
  </properties>
  <testcase name="contextLoads" classname="com.saving.metadata.MetadataApplicationTests" time="0.332"/>
</testsuite>